2022-03-25 10:06:08 info: app is runing at port 8888
2022-03-25 10:08:05 info: app is runing at port 8888
2022-03-25 10:09:01 info: app is runing at port 8888
2022-03-25 10:09:13 info: typeorm:
2022-03-25 10:09:13 info: app is runing at port 8888
2022-03-25 10:09:26 info: typeorm:
2022-03-25 10:09:26 info: app is runing at port 8888
2022-03-25 10:09:46 info: typeorm:{}
2022-03-25 10:09:46 info: app is runing at port 8888
2022-03-25 10:10:25 info: app is runing at port 8888
2022-03-25 10:11:01 info: app is runing at port 8888
2022-03-25 10:12:35 info: app is runing at port 8888
2022-03-25 12:44:30 info: app is runing at port 8888
2022-03-25 12:45:48 info: app is runing at port 8888
2022-03-25 12:47:35 info: app is runing at port 8888
2022-03-25 12:48:19 info: app is runing at port 8888
2022-03-25 12:48:31 info: Server is runing at port 8888
2022-03-25 12:55:00 info: Server is runing at port 8888
2022-03-25 13:00:46 info: Server is runing at port 8888
2022-03-25 13:01:42 info: Server is runing at port 8888
2022-03-25 13:01:42 info: 数据库链接成功!
2022-03-25 13:02:13 info: Server is runing at port 8888
2022-03-25 13:02:13 info: 数据库链接成功!
2022-03-25 13:02:52 info: Server is runing at port 8888
2022-03-25 13:02:52 info: 数据库链接成功!
2022-03-25 13:03:21 info: Server is runing at port 8888
2022-03-25 13:03:22 info: 数据库链接成功!
